

Processing HomeController#index (for 127.0.0.1 at 2010-04-12 12:58:38) [GET]
Rendering home/index
Completed in 63ms (View: 53, DB: 0) | 200 OK [http://0.0.0.0/home/index]


Processing HomeController#index (for 127.0.0.1 at 2010-04-12 13:01:15) [GET]
Rendering home/index

ActionView::TemplateError (undefined local variable or method `posts_path' for #<ActionView::Base:0x5871a4>) on line #3 of app/views/home/index.html.erb:
1: <h1>Home#index</h1>
2: <p>1stproject HelloWORLD</p>
3: <%=link_to "My Blog", posts_path %>

    app/views/home/index.html.erb:3

Rendered rescues/_trace (119.5ms)
Rendered rescues/_request_and_response (3.7ms)
Rendering rescues/layout (internal_server_error)


Processing HomeController#index (for 127.0.0.1 at 2010-04-12 13:04:21) [GET]
Rendering home/index

ActionView::TemplateError (undefined local variable or method `posts_path' for #<ActionView::Base:0x18096d8>) on line #3 of app/views/home/index.html.erb:
1: <h1>Home#index</h1>
2: <p>1stproject HelloWORLD</p>
3: <%=link_to "My Blog", posts_path %>

    app/views/home/index.html.erb:3
    -e:2:in `load'
    -e:2

Rendered rescues/_trace (92.8ms)
Rendered rescues/_request_and_response (1.9ms)
Rendering rescues/layout (internal_server_error)


Processing HomeController#index (for 127.0.0.1 at 2010-04-12 13:04:47) [GET]
Rendering home/index

ActionView::TemplateError (undefined local variable or method `posts_path' for #<ActionView::Base:0x1a03934>) on line #3 of app/views/home/index.html.erb:
1: <h1>Home#index</h1>
2: <p>1stproject HelloWORLD</p>
3: <%=link_to "My Blog", posts_path %>

    app/views/home/index.html.erb:3
    -e:2:in `load'
    -e:2

Rendered rescues/_trace (42.6ms)
Rendered rescues/_request_and_response (0.3ms)
Rendering rescues/layout (internal_server_error)
  [4;36;1mSQL (17.1ms)[0m   [0;1m SELECT name
 FROM sqlite_master
 WHERE type = 'table' AND NOT name = 'sqlite_sequence'
[0m
  [4;35;1mSQL (0.6ms)[0m   [0mselect sqlite_version(*)[0m
  [4;36;1mSQL (2.7ms)[0m   [0;1mCREATE TABLE "schema_migrations" ("version" varchar(255) NOT NULL) [0m
  [4;35;1mSQL (2.4ms)[0m   [0mCREATE UNIQUE INDEX "unique_schema_migrations" ON "schema_migrations" ("version")[0m
  [4;36;1mSQL (0.8ms)[0m   [0;1m SELECT name
 FROM sqlite_master
 WHERE type = 'table' AND NOT name = 'sqlite_sequence'
[0m
  [4;35;1mSQL (0.3ms)[0m   [0mSELECT version FROM schema_migrations[0m
Migrating to CreatePosts (20100412110608)
  [4;36;1mSQL (0.8ms)[0m   [0;1mCREATE TABLE "posts" ("id" INTEGER PRIMARY KEY AUTOINCREMENT NOT NULL, "name" varchar(255), "title" varchar(255), "content" text, "created_at" datetime, "updated_at" datetime) [0m
  [4;35;1mSQL (0.2ms)[0m   [0mINSERT INTO schema_migrations (version) VALUES ('20100412110608')[0m
  [4;36;1mSQL (1.4ms)[0m   [0;1m SELECT name
 FROM sqlite_master
 WHERE type = 'table' AND NOT name = 'sqlite_sequence'
[0m
  [4;35;1mSQL (0.5ms)[0m   [0mSELECT version FROM schema_migrations[0m
  [4;36;1mSQL (0.6ms)[0m   [0;1m SELECT name
 FROM sqlite_master
 WHERE type = 'table' AND NOT name = 'sqlite_sequence'
[0m
  [4;35;1mSQL (0.2ms)[0m   [0mPRAGMA index_list("posts")[0m


Processing HomeController#index (for 127.0.0.1 at 2010-04-12 13:07:51) [GET]
Rendering home/index
Completed in 15ms (View: 13, DB: 0) | 200 OK [http://0.0.0.0/home/index]


Processing PostsController#index (for 127.0.0.1 at 2010-04-12 13:07:53) [GET]
  [4;36;1mPost Load (0.4ms)[0m   [0;1mSELECT * FROM "posts" [0m
Rendering template within layouts/posts
Rendering posts/index
Completed in 18ms (View: 13, DB: 0) | 200 OK [http://0.0.0.0/posts]


Processing PostsController#new (for 127.0.0.1 at 2010-04-12 13:07:54) [GET]
Rendering template within layouts/posts
Rendering posts/new
Completed in 37ms (View: 32, DB: 0) | 200 OK [http://0.0.0.0/posts/new]


Processing PostsController#create (for 127.0.0.1 at 2010-04-12 13:08:33) [POST]
  Parameters: {"commit"=>"Create", "authenticity_token"=>"k/kmMETQRIE5ycHs8Y5Cn54BK0MQstRcdWKACVb5Hlk=", "post"=>{"name"=>"juliendetraz", "title"=>"test1 1stprojectROR", "content"=>"putain de sa ror"}}
  [4;35;1mPost Create (0.5ms)[0m   [0mINSERT INTO "posts" ("name", "updated_at", "title", "content", "created_at") VALUES('juliendetraz', '2010-04-12 11:08:33', 'test1 1stprojectROR', 'putain de sa ror', '2010-04-12 11:08:33')[0m
Redirected to http://0.0.0.0:3002/posts/1
Completed in 13ms (DB: 1) | 302 Found [http://0.0.0.0/posts]


Processing PostsController#show (for 127.0.0.1 at 2010-04-12 13:08:33) [GET]
  Parameters: {"id"=>"1"}
  [4;36;1mPost Load (0.3ms)[0m   [0;1mSELECT * FROM "posts" WHERE ("posts"."id" = 1) [0m
Rendering template within layouts/posts
Rendering posts/show
Completed in 14ms (View: 8, DB: 0) | 200 OK [http://0.0.0.0/posts/1]


Processing PostsController#edit (for 127.0.0.1 at 2010-04-12 13:08:37) [GET]
  Parameters: {"id"=>"1"}
  [4;35;1mPost Load (0.3ms)[0m   [0mSELECT * FROM "posts" WHERE ("posts"."id" = 1) [0m
Rendering template within layouts/posts
Rendering posts/edit
Completed in 18ms (View: 12, DB: 0) | 200 OK [http://0.0.0.0/posts/1/edit]


Processing PostsController#show (for 127.0.0.1 at 2010-04-12 13:08:40) [GET]
  Parameters: {"id"=>"1"}
  [4;36;1mPost Load (0.4ms)[0m   [0;1mSELECT * FROM "posts" WHERE ("posts"."id" = 1) [0m
Rendering template within layouts/posts
Rendering posts/show
Completed in 64ms (View: 58, DB: 0) | 200 OK [http://0.0.0.0/posts/1]


Processing PostsController#edit (for 127.0.0.1 at 2010-04-12 13:08:42) [GET]
  Parameters: {"id"=>"1"}
  [4;35;1mPost Load (0.3ms)[0m   [0mSELECT * FROM "posts" WHERE ("posts"."id" = 1) [0m
Rendering template within layouts/posts
Rendering posts/edit
Completed in 11ms (View: 6, DB: 0) | 200 OK [http://0.0.0.0/posts/1/edit]


Processing PostsController#index (for 127.0.0.1 at 2010-04-12 13:08:43) [GET]
  [4;36;1mPost Load (0.5ms)[0m   [0;1mSELECT * FROM "posts" [0m
Rendering template within layouts/posts
Rendering posts/index
Completed in 12ms (View: 7, DB: 1) | 200 OK [http://0.0.0.0/posts]


Processing PostsController#new (for 127.0.0.1 at 2010-04-12 13:08:46) [GET]
Rendering template within layouts/posts
Rendering posts/new
Completed in 10ms (View: 5, DB: 0) | 200 OK [http://0.0.0.0/posts/new]


Processing PostsController#index (for 127.0.0.1 at 2010-04-12 13:08:47) [GET]
  [4;35;1mPost Load (0.5ms)[0m   [0mSELECT * FROM "posts" [0m
Rendering template within layouts/posts
Rendering posts/index
Completed in 12ms (View: 7, DB: 1) | 200 OK [http://0.0.0.0/posts]


Processing PostsController#show (for 127.0.0.1 at 2010-04-12 13:08:51) [GET]
  Parameters: {"id"=>"1"}
  [4;36;1mPost Load (0.3ms)[0m   [0;1mSELECT * FROM "posts" WHERE ("posts"."id" = 1) [0m
Rendering template within layouts/posts
Rendering posts/show
Completed in 8ms (View: 3, DB: 0) | 200 OK [http://0.0.0.0/posts/1]


Processing PostsController#index (for 127.0.0.1 at 2010-04-12 13:08:53) [GET]
  [4;35;1mPost Load (0.5ms)[0m   [0mSELECT * FROM "posts" [0m
Rendering template within layouts/posts
Rendering posts/index
Completed in 11ms (View: 7, DB: 1) | 200 OK [http://0.0.0.0/posts]
